  Main.cpp
d:\documents\ensisa\2a_ir\s2\framework\bis\metamodele\metamodel\metamodel\unaryexpression.h(3): warning C4067: jetons inattendus après la directive du préprocesseur - saut de ligne attendu
d:\documents\ensisa\2a_ir\s2\framework\bis\metamodele\metamodel\metamodel\binaryexpression.h(3): warning C4067: jetons inattendus après la directive du préprocesseur - saut de ligne attendu
d:\documents\ensisa\2a_ir\s2\framework\bis\metamodele\metamodel\metamodel\naryexpression.h(3): warning C4067: jetons inattendus après la directive du préprocesseur - saut de ligne attendu
d:\documents\ensisa\2a_ir\s2\framework\bis\metamodele\metamodel\metamodel\expressionfactory.h(13): error C2143: erreur de syntaxe : absence de ';' avant '<'
  d:\documents\ensisa\2a_ir\s2\framework\bis\metamodele\metamodel\metamodel\expressionfactory.h(20): note: voir la référence à l'instanciation de classe modèle 'ExpressionFactory<T>' en cours de compilation
d:\documents\ensisa\2a_ir\s2\framework\bis\metamodele\metamodel\metamodel\expressionfactory.h(13): error C4430: spécificateur de type manquant - int est pris en compte par défaut. Remarque : C++ ne prend pas en charge int par défaut
d:\documents\ensisa\2a_ir\s2\framework\bis\metamodele\metamodel\metamodel\expressionfactory.h(13): error C2238: jetons inattendus avant ';'
d:\documents\ensisa\2a_ir\s2\framework\bis\metamodele\metamodel\metamodel\expressionfactory.h(14): error C2143: erreur de syntaxe : absence de ';' avant '<'
d:\documents\ensisa\2a_ir\s2\framework\bis\metamodele\metamodel\metamodel\expressionfactory.h(14): error C4430: spécificateur de type manquant - int est pris en compte par défaut. Remarque : C++ ne prend pas en charge int par défaut
d:\documents\ensisa\2a_ir\s2\framework\bis\metamodele\metamodel\metamodel\expressionfactory.h(14): error C2238: jetons inattendus avant ';'
d:\documents\ensisa\2a_ir\s2\framework\bis\metamodele\metamodel\metamodel\expressionfactory.h(15): error C2143: erreur de syntaxe : absence de ';' avant '<'
d:\documents\ensisa\2a_ir\s2\framework\bis\metamodele\metamodel\metamodel\expressionfactory.h(15): error C4430: spécificateur de type manquant - int est pris en compte par défaut. Remarque : C++ ne prend pas en charge int par défaut
d:\documents\ensisa\2a_ir\s2\framework\bis\metamodele\metamodel\metamodel\expressionfactory.h(15): error C2238: jetons inattendus avant ';'
d:\documents\ensisa\2a_ir\s2\framework\bis\metamodele\metamodel\metamodel\expressionfactory.h(16): error C2143: erreur de syntaxe : absence de ';' avant '<'
d:\documents\ensisa\2a_ir\s2\framework\bis\metamodele\metamodel\metamodel\expressionfactory.h(16): error C4430: spécificateur de type manquant - int est pris en compte par défaut. Remarque : C++ ne prend pas en charge int par défaut
d:\documents\ensisa\2a_ir\s2\framework\bis\metamodele\metamodel\metamodel\expressionfactory.h(16): error C2238: jetons inattendus avant ';'
d:\documents\ensisa\2a_ir\s2\framework\bis\metamodele\metamodel\metamodel\expressionfactory.h(19): error C2143: erreur de syntaxe : absence de ';' avant '<'
d:\documents\ensisa\2a_ir\s2\framework\bis\metamodele\metamodel\metamodel\expressionfactory.h(19): error C4430: spécificateur de type manquant - int est pris en compte par défaut. Remarque : C++ ne prend pas en charge int par défaut
d:\documents\ensisa\2a_ir\s2\framework\bis\metamodele\metamodel\metamodel\expressionfactory.h(19): error C2238: jetons inattendus avant ';'
d:\documents\ensisa\2a_ir\s2\framework\bis\metamodele\metamodel\metamodel\expressionfactory.h(23): error C2988: impossible de reconnaître la définition/déclaration de modèle
d:\documents\ensisa\2a_ir\s2\framework\bis\metamodele\metamodel\metamodel\expressionfactory.h(23): error C2143: erreur de syntaxe : absence de ';' avant '<'
d:\documents\ensisa\2a_ir\s2\framework\bis\metamodele\metamodel\metamodel\expressionfactory.h(23): error C2059: erreur de syntaxe : '<'
d:\documents\ensisa\2a_ir\s2\framework\bis\metamodele\metamodel\metamodel\expressionfactory.h(23): error C2065: 'T' : identificateur non déclaré
d:\documents\ensisa\2a_ir\s2\framework\bis\metamodele\metamodel\metamodel\expressionfactory.h(23): error C2923: 'ExpressionFactory' : 'T' n'est pas un argument de type modèle valide pour le paramètre 'T'
d:\documents\ensisa\2a_ir\s2\framework\bis\metamodele\metamodel\metamodel\expressionfactory.h(23): error C2143: erreur de syntaxe : absence de ';' avant '{'
d:\documents\ensisa\2a_ir\s2\framework\bis\metamodele\metamodel\metamodel\expressionfactory.h(23): error C2447: '{' : en-tête de fonction manquant (liste formelle à l'ancien format ?)
d:\documents\ensisa\2a_ir\s2\framework\bis\metamodele\metamodel\metamodel\expressionfactory.h(29): error C2988: impossible de reconnaître la définition/déclaration de modèle
d:\documents\ensisa\2a_ir\s2\framework\bis\metamodele\metamodel\metamodel\expressionfactory.h(29): error C2143: erreur de syntaxe : absence de ';' avant '<'
d:\documents\ensisa\2a_ir\s2\framework\bis\metamodele\metamodel\metamodel\expressionfactory.h(29): error C2059: erreur de syntaxe : '<'
d:\documents\ensisa\2a_ir\s2\framework\bis\metamodele\metamodel\metamodel\expressionfactory.h(29): error C2065: 'T' : identificateur non déclaré
d:\documents\ensisa\2a_ir\s2\framework\bis\metamodele\metamodel\metamodel\expressionfactory.h(29): error C2923: 'ExpressionFactory' : 'T' n'est pas un argument de type modèle valide pour le paramètre 'T'
d:\documents\ensisa\2a_ir\s2\framework\bis\metamodele\metamodel\metamodel\expressionfactory.h(29): error C2143: erreur de syntaxe : absence de ';' avant '{'
d:\documents\ensisa\2a_ir\s2\framework\bis\metamodele\metamodel\metamodel\expressionfactory.h(29): error C2447: '{' : en-tête de fonction manquant (liste formelle à l'ancien format ?)
d:\documents\ensisa\2a_ir\s2\framework\bis\metamodele\metamodel\metamodel\expressionfactory.h(34): error C2988: impossible de reconnaître la définition/déclaration de modèle
d:\documents\ensisa\2a_ir\s2\framework\bis\metamodele\metamodel\metamodel\expressionfactory.h(34): error C2143: erreur de syntaxe : absence de ';' avant '<'
d:\documents\ensisa\2a_ir\s2\framework\bis\metamodele\metamodel\metamodel\expressionfactory.h(34): error C2059: erreur de syntaxe : '<'
d:\documents\ensisa\2a_ir\s2\framework\bis\metamodele\metamodel\metamodel\expressionfactory.h(34): error C2065: 'T' : identificateur non déclaré
d:\documents\ensisa\2a_ir\s2\framework\bis\metamodele\metamodel\metamodel\expressionfactory.h(34): error C2923: 'ExpressionFactory' : 'T' n'est pas un argument de type modèle valide pour le paramètre 'T'
d:\documents\ensisa\2a_ir\s2\framework\bis\metamodele\metamodel\metamodel\expressionfactory.h(34): error C2143: erreur de syntaxe : absence de ';' avant '{'
d:\documents\ensisa\2a_ir\s2\framework\bis\metamodele\metamodel\metamodel\expressionfactory.h(34): error C2447: '{' : en-tête de fonction manquant (liste formelle à l'ancien format ?)
d:\documents\ensisa\2a_ir\s2\framework\bis\metamodele\metamodel\metamodel\fuzzyfactory.h(10): error C2061: erreur de syntaxe : identificateur 'Not'
  d:\documents\ensisa\2a_ir\s2\framework\bis\metamodele\metamodel\metamodel\fuzzyfactory.h(34): note: voir la référence à l'instanciation de classe modèle 'FuzzyFactory<T>' en cours de compilation
d:\documents\ensisa\2a_ir\s2\framework\bis\metamodele\metamodel\metamodel\fuzzyfactory.h(11): error C2143: erreur de syntaxe : absence de ';' avant '~'
d:\documents\ensisa\2a_ir\s2\framework\bis\metamodele\metamodel\metamodel\fuzzyfactory.h(10): error C2535: 'FuzzyFactory<T>::FuzzyFactory(void)' : fonction membre déjà définie ou déclarée
  d:\documents\ensisa\2a_ir\s2\framework\bis\metamodele\metamodel\metamodel\fuzzyfactory.h(9): note: voir la déclaration de 'FuzzyFactory<T>::FuzzyFactory'
d:\documents\ensisa\2a_ir\s2\framework\bis\metamodele\metamodel\metamodel\fuzzyfactory.h(13): error C2143: erreur de syntaxe : absence de ';' avant '<'
d:\documents\ensisa\2a_ir\s2\framework\bis\metamodele\metamodel\metamodel\fuzzyfactory.h(13): error C4430: spécificateur de type manquant - int est pris en compte par défaut. Remarque : C++ ne prend pas en charge int par défaut
d:\documents\ensisa\2a_ir\s2\framework\bis\metamodele\metamodel\metamodel\fuzzyfactory.h(13): error C2238: jetons inattendus avant ';'
d:\documents\ensisa\2a_ir\s2\framework\bis\metamodele\metamodel\metamodel\fuzzyfactory.h(14): error C2143: erreur de syntaxe : absence de ';' avant '<'
d:\documents\ensisa\2a_ir\s2\framework\bis\metamodele\metamodel\metamodel\fuzzyfactory.h(14): error C4430: spécificateur de type manquant - int est pris en compte par défaut. Remarque : C++ ne prend pas en charge int par défaut
d:\documents\ensisa\2a_ir\s2\framework\bis\metamodele\metamodel\metamodel\fuzzyfactory.h(14): error C2238: jetons inattendus avant ';'
d:\documents\ensisa\2a_ir\s2\framework\bis\metamodele\metamodel\metamodel\fuzzyfactory.h(15): error C2143: erreur de syntaxe : absence de ';' avant '<'
d:\documents\ensisa\2a_ir\s2\framework\bis\metamodele\metamodel\metamodel\fuzzyfactory.h(15): error C4430: spécificateur de type manquant - int est pris en compte par défaut. Remarque : C++ ne prend pas en charge int par défaut
d:\documents\ensisa\2a_ir\s2\framework\bis\metamodele\metamodel\metamodel\fuzzyfactory.h(15): error C2238: jetons inattendus avant ';'
d:\documents\ensisa\2a_ir\s2\framework\bis\metamodele\metamodel\metamodel\fuzzyfactory.h(16): error C2143: erreur de syntaxe : absence de ';' avant '<'
d:\documents\ensisa\2a_ir\s2\framework\bis\metamodele\metamodel\metamodel\fuzzyfactory.h(16): error C4430: spécificateur de type manquant - int est pris en compte par défaut. Remarque : C++ ne prend pas en charge int par défaut
d:\documents\ensisa\2a_ir\s2\framework\bis\metamodele\metamodel\metamodel\fuzzyfactory.h(16): error C2238: jetons inattendus avant ';'
d:\documents\ensisa\2a_ir\s2\framework\bis\metamodele\metamodel\metamodel\fuzzyfactory.h(17): error C2143: erreur de syntaxe : absence de ';' avant '<'
d:\documents\ensisa\2a_ir\s2\framework\bis\metamodele\metamodel\metamodel\fuzzyfactory.h(17): error C4430: spécificateur de type manquant - int est pris en compte par défaut. Remarque : C++ ne prend pas en charge int par défaut
d:\documents\ensisa\2a_ir\s2\framework\bis\metamodele\metamodel\metamodel\fuzzyfactory.h(17): error C2238: jetons inattendus avant ';'
d:\documents\ensisa\2a_ir\s2\framework\bis\metamodele\metamodel\metamodel\fuzzyfactory.h(18): error C2143: erreur de syntaxe : absence de ';' avant '<'
d:\documents\ensisa\2a_ir\s2\framework\bis\metamodele\metamodel\metamodel\fuzzyfactory.h(18): error C4430: spécificateur de type manquant - int est pris en compte par défaut. Remarque : C++ ne prend pas en charge int par défaut
d:\documents\ensisa\2a_ir\s2\framework\bis\metamodele\metamodel\metamodel\fuzzyfactory.h(18): error C2238: jetons inattendus avant ';'
d:\documents\ensisa\2a_ir\s2\framework\bis\metamodele\metamodel\metamodel\fuzzyfactory.h(19): error C2143: erreur de syntaxe : absence de ';' avant '<'
d:\documents\ensisa\2a_ir\s2\framework\bis\metamodele\metamodel\metamodel\fuzzyfactory.h(19): error C4430: spécificateur de type manquant - int est pris en compte par défaut. Remarque : C++ ne prend pas en charge int par défaut
d:\documents\ensisa\2a_ir\s2\framework\bis\metamodele\metamodel\metamodel\fuzzyfactory.h(19): error C2238: jetons inattendus avant ';'
d:\documents\ensisa\2a_ir\s2\framework\bis\metamodele\metamodel\metamodel\fuzzyfactory.h(21): error C2061: erreur de syntaxe : identificateur 'And'
d:\documents\ensisa\2a_ir\s2\framework\bis\metamodele\metamodel\metamodel\fuzzyfactory.h(22): error C2061: erreur de syntaxe : identificateur 'Or'
d:\documents\ensisa\2a_ir\s2\framework\bis\metamodele\metamodel\metamodel\fuzzyfactory.h(23): error C2061: erreur de syntaxe : identificateur 'Then'
d:\documents\ensisa\2a_ir\s2\framework\bis\metamodele\metamodel\metamodel\fuzzyfactory.h(24): error C2061: erreur de syntaxe : identificateur 'Agg'
d:\documents\ensisa\2a_ir\s2\framework\bis\metamodele\metamodel\metamodel\fuzzyfactory.h(27): error C2143: erreur de syntaxe : absence de ';' avant '<'
d:\documents\ensisa\2a_ir\s2\framework\bis\metamodele\metamodel\metamodel\fuzzyfactory.h(27): error C4430: spécificateur de type manquant - int est pris en compte par défaut. Remarque : C++ ne prend pas en charge int par défaut
d:\documents\ensisa\2a_ir\s2\framework\bis\metamodele\metamodel\metamodel\fuzzyfactory.h(27): error C2238: jetons inattendus avant ';'
d:\documents\ensisa\2a_ir\s2\framework\bis\metamodele\metamodel\metamodel\fuzzyfactory.h(28): error C2143: erreur de syntaxe : absence de ';' avant '<'
d:\documents\ensisa\2a_ir\s2\framework\bis\metamodele\metamodel\metamodel\fuzzyfactory.h(28): error C4430: spécificateur de type manquant - int est pris en compte par défaut. Remarque : C++ ne prend pas en charge int par défaut
d:\documents\ensisa\2a_ir\s2\framework\bis\metamodele\metamodel\metamodel\fuzzyfactory.h(28): error C2238: jetons inattendus avant ';'
d:\documents\ensisa\2a_ir\s2\framework\bis\metamodele\metamodel\metamodel\fuzzyfactory.h(29): error C2143: erreur de syntaxe : absence de ';' avant '<'
d:\documents\ensisa\2a_ir\s2\framework\bis\metamodele\metamodel\metamodel\fuzzyfactory.h(29): error C4430: spécificateur de type manquant - int est pris en compte par défaut. Remarque : C++ ne prend pas en charge int par défaut
d:\documents\ensisa\2a_ir\s2\framework\bis\metamodele\metamodel\metamodel\fuzzyfactory.h(29): error C2238: jetons inattendus avant ';'
d:\documents\ensisa\2a_ir\s2\framework\bis\metamodele\metamodel\metamodel\fuzzyfactory.h(30): error C2143: erreur de syntaxe : absence de ';' avant '<'
d:\documents\ensisa\2a_ir\s2\framework\bis\metamodele\metamodel\metamodel\fuzzyfactory.h(30): error C4430: spécificateur de type manquant - int est pris en compte par défaut. Remarque : C++ ne prend pas en charge int par défaut
d:\documents\ensisa\2a_ir\s2\framework\bis\metamodele\metamodel\metamodel\fuzzyfactory.h(30): error C2238: jetons inattendus avant ';'
d:\documents\ensisa\2a_ir\s2\framework\bis\metamodele\metamodel\metamodel\fuzzyfactory.h(31): error C2143: erreur de syntaxe : absence de ';' avant '<'
d:\documents\ensisa\2a_ir\s2\framework\bis\metamodele\metamodel\metamodel\fuzzyfactory.h(31): error C4430: spécificateur de type manquant - int est pris en compte par défaut. Remarque : C++ ne prend pas en charge int par défaut
d:\documents\ensisa\2a_ir\s2\framework\bis\metamodele\metamodel\metamodel\fuzzyfactory.h(31): error C2238: jetons inattendus avant ';'
d:\documents\ensisa\2a_ir\s2\framework\bis\metamodele\metamodel\metamodel\fuzzyfactory.h(33): error C2143: erreur de syntaxe : absence de ';' avant '<'
d:\documents\ensisa\2a_ir\s2\framework\bis\metamodele\metamodel\metamodel\fuzzyfactory.h(33): error C4430: spécificateur de type manquant - int est pris en compte par défaut. Remarque : C++ ne prend pas en charge int par défaut
d:\documents\ensisa\2a_ir\s2\framework\bis\metamodele\metamodel\metamodel\fuzzyfactory.h(33): error C2238: jetons inattendus avant ';'
d:\documents\ensisa\2a_ir\s2\framework\bis\metamodele\metamodel\metamodel\fuzzyfactory.h(37): error C2988: impossible de reconnaître la définition/déclaration de modèle
d:\documents\ensisa\2a_ir\s2\framework\bis\metamodele\metamodel\metamodel\fuzzyfactory.h(37): error C2143: erreur de syntaxe : absence de ';' avant '<'
d:\documents\ensisa\2a_ir\s2\framework\bis\metamodele\metamodel\metamodel\fuzzyfactory.h(37): error C2059: erreur de syntaxe : '<'
d:\documents\ensisa\2a_ir\s2\framework\bis\metamodele\metamodel\metamodel\fuzzyfactory.h(37): error C2065: 'T' : identificateur non déclaré
d:\documents\ensisa\2a_ir\s2\framework\bis\metamodele\metamodel\metamodel\fuzzyfactory.h(37): error C2923: 'FuzzyFactory' : 'T' n'est pas un argument de type modèle valide pour le paramètre 'T'
d:\documents\ensisa\2a_ir\s2\framework\bis\metamodele\metamodel\metamodel\fuzzyfactory.h(37): error C2143: erreur de syntaxe : absence de ';' avant '{'
d:\documents\ensisa\2a_ir\s2\framework\bis\metamodele\metamodel\metamodel\fuzzyfactory.h(37): error C2447: '{' : en-tête de fonction manquant (liste formelle à l'ancien format ?)
d:\documents\ensisa\2a_ir\s2\framework\bis\metamodele\metamodel\metamodel\fuzzyfactory.h(42): error C2988: impossible de reconnaître la définition/déclaration de modèle
d:\documents\ensisa\2a_ir\s2\framework\bis\metamodele\metamodel\metamodel\fuzzyfactory.h(42): error C2143: erreur de syntaxe : absence de ';' avant '<'
d:\documents\ensisa\2a_ir\s2\framework\bis\metamodele\metamodel\metamodel\fuzzyfactory.h(42): error C2059: erreur de syntaxe : '<'
d:\documents\ensisa\2a_ir\s2\framework\bis\metamodele\metamodel\metamodel\fuzzyfactory.h(42): error C2065: 'T' : identificateur non déclaré
d:\documents\ensisa\2a_ir\s2\framework\bis\metamodele\metamodel\metamodel\fuzzyfactory.h(42): error C2923: 'FuzzyFactory' : 'T' n'est pas un argument de type modèle valide pour le paramètre 'T'
d:\documents\ensisa\2a_ir\s2\framework\bis\metamodele\metamodel\metamodel\fuzzyfactory.h(42): error C2143: erreur de syntaxe : absence de ';' avant '{'
d:\documents\ensisa\2a_ir\s2\framework\bis\metamodele\metamodel\metamodel\fuzzyfactory.h(42): error C2447: '{' : en-tête de fonction manquant (liste formelle à l'ancien format ?)
d:\documents\ensisa\2a_ir\s2\framework\bis\metamodele\metamodel\metamodel\fuzzyfactory.h(47): error C2988: impossible de reconnaître la définition/déclaration de modèle
d:\documents\ensisa\2a_ir\s2\framework\bis\metamodele\metamodel\metamodel\fuzzyfactory.h(47): error C2143: erreur de syntaxe : absence de ';' avant '<'
d:\documents\ensisa\2a_ir\s2\framework\bis\metamodele\metamodel\metamodel\fuzzyfactory.h(47): error C2059: erreur de syntaxe : '<'
d:\documents\ensisa\2a_ir\s2\framework\bis\metamodele\metamodel\metamodel\fuzzyfactory.h(47): error C2065: 'T' : identificateur non déclaré
d:\documents\ensisa\2a_ir\s2\framework\bis\metamodele\metamodel\metamodel\fuzzyfactory.h(47): error C2923: 'FuzzyFactory' : 'T' n'est pas un argument de type modèle valide pour le paramètre 'T'
d:\documents\ensisa\2a_ir\s2\framework\bis\metamodele\metamodel\metamodel\fuzzyfactory.h(47): error C2143: erreur de syntaxe : absence de ';' avant '{'
d:\documents\ensisa\2a_ir\s2\framework\bis\metamodele\metamodel\metamodel\fuzzyfactory.h(47): error C2447: '{' : en-tête de fonction manquant (liste formelle à l'ancien format ?)
d:\documents\ensisa\2a_ir\s2\framework\bis\metamodele\metamodel\metamodel\fuzzyfactory.h(52): error C2988: impossible de reconnaître la définition/déclaration de modèle
d:\documents\ensisa\2a_ir\s2\framework\bis\metamodele\metamodel\metamodel\fuzzyfactory.h(52): error C2143: erreur de syntaxe : absence de ';' avant '<'
d:\documents\ensisa\2a_ir\s2\framework\bis\metamodele\metamodel\metamodel\fuzzyfactory.h(52): error C2059: erreur de syntaxe : '<'
d:\documents\ensisa\2a_ir\s2\framework\bis\metamodele\metamodel\metamodel\fuzzyfactory.h(52): error C2065: 'T' : identificateur non déclaré
d:\documents\ensisa\2a_ir\s2\framework\bis\metamodele\metamodel\metamodel\fuzzyfactory.h(52): error C2923: 'FuzzyFactory' : 'T' n'est pas un argument de type modèle valide pour le paramètre 'T'
d:\documents\ensisa\2a_ir\s2\framework\bis\metamodele\metamodel\metamodel\fuzzyfactory.h(52): error C2143: erreur de syntaxe : absence de ';' avant '{'
d:\documents\ensisa\2a_ir\s2\framework\bis\metamodele\metamodel\metamodel\fuzzyfactory.h(52): error C2447: '{' : en-tête de fonction manquant (liste formelle à l'ancien format ?)
d:\documents\ensisa\2a_ir\s2\framework\bis\metamodele\metamodel\metamodel\fuzzyfactory.h(57): error C2988: impossible de reconnaître la définition/déclaration de modèle
d:\documents\ensisa\2a_ir\s2\framework\bis\metamodele\metamodel\metamodel\fuzzyfactory.h(57): error C2143: erreur de syntaxe : absence de ';' avant '<'
d:\documents\ensisa\2a_ir\s2\framework\bis\metamodele\metamodel\metamodel\fuzzyfactory.h(57): error C2059: erreur de syntaxe : '<'
d:\documents\ensisa\2a_ir\s2\framework\bis\metamodele\metamodel\metamodel\fuzzyfactory.h(57): error C2065: 't' : identificateur non déclaré
d:\documents\ensisa\2a_ir\s2\framework\bis\metamodele\metamodel\metamodel\fuzzyfactory.h(57): error C2923: 'FuzzyFactory' : 't' n'est pas un argument de type modèle valide pour le paramètre 'T'
d:\documents\ensisa\2a_ir\s2\framework\bis\metamodele\metamodel\metamodel\fuzzyfactory.h(57): error C2143: erreur de syntaxe : absence de ';' avant '{'
d:\documents\ensisa\2a_ir\s2\framework\bis\metamodele\metamodel\metamodel\fuzzyfactory.h(57): error C2447: '{' : en-tête de fonction manquant (liste formelle à l'ancien format ?)
d:\documents\ensisa\2a_ir\s2\framework\bis\metamodele\metamodel\metamodel\fuzzyfactory.h(62): error C2988: impossible de reconnaître la définition/déclaration de modèle
d:\documents\ensisa\2a_ir\s2\framework\bis\metamodele\metamodel\metamodel\fuzzyfactory.h(62): error C2143: erreur de syntaxe : absence de ';' avant '<'
d:\documents\ensisa\2a_ir\s2\framework\bis\metamodele\metamodel\metamodel\fuzzyfactory.h(62): fatal error C1003: le nombre d'erreurs est supérieur à 100 ; arrêt de la compilation
